<?xml version="1.0" encoding="UTF-8"?>
<!-- Generated by org.testng.reporters.JUnitXMLReporter -->
<testsuite ignored="0" hostname="DESKTOP-H28VHFR" failures="0" tests="2" name="Default test" time="17.5" errors="0" timestamp="2024-02-11T21:59:43 IST">
  <testcase classname="com.EcommerceFramework.qa.FirstOrderTest_POM" name="submitOrderTest" time="8.876"/>
  <testcase classname="com.EcommerceFramework.qa.FirstOrderTest_POM" name="verifyOrderTest" time="1.002"/>
</testsuite> <!-- Default test -->
