<?xml version="1.0" encoding="UTF-8"?>
<!-- Generated by org.testng.reporters.JUnitXMLReporter -->
<testsuite ignored="1" hostname="DESKTOP-H28VHFR" failures="0" tests="2" name="Smoke Test1" time="37.688" errors="0" timestamp="2024-02-11T08:25:13 IST">
  <testcase classname="com.EcommerceFramework.qa.FirstOrderTest_POM" name="submitOrderTest" time="15.429"/>
  <testcase classname="com.EcommerceFramework.qa.FirstOrderTest_POM" name="submitOrderTest" time="15.159"/>
  <testcase classname="com.EcommerceFramework.qa.FirstOrderTest_POM" name="verifyOrderTest" time="0.0">
    <ignored/>
  </testcase> <!-- verifyOrderTest -->
</testsuite> <!-- Smoke Test1 -->
