<?xml version="1.0" encoding="UTF-8"?>
<testng-results ignored="0" total="5" passed="5" failed="0" skipped="0">
  <reporter-output>
  </reporter-output>
  <suite started-at="2024-02-11T22:35:20 IST" name="Regression Suite" finished-at="2024-02-11T22:35:59 IST" duration-ms="38918">
    <groups>
      <group name="ErrorHandling">
        <method signature="LogingErrorValidationTest.loginErrorValidationTest()[pri:0, instance:com.EcommerceFramework.qa.LogingErrorValidationTest@1afdd473]" name="loginErrorValidationTest" class="com.EcommerceFramework.qa.LogingErrorValidationTest"/>
      </group> <!-- ErrorHandling -->
      <group name="purchase">
        <method signature="FirstOrderTest_POM.submitOrderTest(java.util.HashMap)[pri:1, instance:com.EcommerceFramework.qa.FirstOrderTest_POM@e70f13a]" name="submitOrderTest" class="com.EcommerceFramework.qa.FirstOrderTest_POM"/>
      </group> <!-- purchase -->
    </groups>
    <test started-at="2024-02-11T22:35:20 IST" name="Login Error Test" finished-at="2024-02-11T22:35:27 IST" duration-ms="6381">
      <class name="com.EcommerceFramework.qa.LogingErrorValidationTest">
        <test-method is-config="true" signature="launchApplication()[pri:0, instance:com.EcommerceFramework.qa.LogingErrorValidationTest@1afdd473]" started-at="2024-02-11T22:35:20 IST" name="launchApplication" finished-at="2024-02-11T22:35:25 IST" duration-ms="5093" status="PASS">
          <reporter-output>
          </reporter-output>
        </test-method> <!-- launchApplication -->
        <test-method signature="loginErrorValidationTest()[pri:0, instance:com.EcommerceFramework.qa.LogingErrorValidationTest@1afdd473]" started-at="2024-02-11T22:35:25 IST" name="loginErrorValidationTest" finished-at="2024-02-11T22:35:26 IST" duration-ms="1112" status="PASS">
          <reporter-output>
          </reporter-output>
        </test-method> <!-- loginErrorValidationTest -->
        <test-method is-config="true" signature="tearDown(org.testng.ITestResult)[pri:0, instance:com.EcommerceFramework.qa.LogingErrorValidationTest@1afdd473]" started-at="2024-02-11T22:35:26 IST" name="tearDown" finished-at="2024-02-11T22:35:27 IST" duration-ms="123" status="PASS">
          <params>
            <param index="0">
              <value>
                <![CDATA[[TestResult name=loginErrorValidationTest status=SUCCESS method=LogingErrorValidationTest.loginErrorValidationTest()[pri:0, instance:com.EcommerceFramework.qa.LogingErrorValidationTest@1afdd473] output={null}]]]>
              </value>
            </param>
          </params>
          <reporter-output>
          </reporter-output>
        </test-method> <!-- tearDown -->
      </class> <!-- com.EcommerceFramework.qa.LogingErrorValidationTest -->
    </test> <!-- Login Error Test -->
    <test started-at="2024-02-11T22:35:20 IST" name="Smoke Test1" finished-at="2024-02-11T22:35:59 IST" duration-ms="38918">
      <class name="com.EcommerceFramework.qa.FirstOrderTest_POM">
        <test-method is-config="true" signature="launchApplication()[pri:0, instance:com.EcommerceFramework.qa.FirstOrderTest_POM@e70f13a]" started-at="2024-02-11T22:35:20 IST" name="launchApplication" finished-at="2024-02-11T22:35:23 IST" duration-ms="2379" status="PASS">
          <reporter-output>
          </reporter-output>
        </test-method> <!-- launchApplication -->
        <test-method signature="submitOrderTest(java.util.HashMap)[pri:1, instance:com.EcommerceFramework.qa.FirstOrderTest_POM@e70f13a]" started-at="2024-02-11T22:35:23 IST" name="submitOrderTest" data-provider="getData" finished-at="2024-02-11T22:35:34 IST" duration-ms="11721" status="PASS">
          <params>
            <param index="0">
              <value>
                <![CDATA[{pwd=12qw!@QW, email=ecommuser@gmail.com, productName=ZARA COAT 3}]]>
              </value>
            </param>
          </params>
          <reporter-output>
          </reporter-output>
        </test-method> <!-- submitOrderTest -->
        <test-method is-config="true" signature="tearDown(org.testng.ITestResult)[pri:0, instance:com.EcommerceFramework.qa.FirstOrderTest_POM@e70f13a]" started-at="2024-02-11T22:35:34 IST" name="tearDown" finished-at="2024-02-11T22:35:35 IST" duration-ms="197" status="PASS">
          <params>
            <param index="0">
              <value>
                <![CDATA[[TestResult name=submitOrderTest status=SUCCESS method=FirstOrderTest_POM.submitOrderTest(java.util.HashMap)[pri:1, instance:com.EcommerceFramework.qa.FirstOrderTest_POM@e70f13a] output={null}]]]>
              </value>
            </param>
          </params>
          <reporter-output>
          </reporter-output>
        </test-method> <!-- tearDown -->
        <test-method is-config="true" signature="launchApplication()[pri:0, instance:com.EcommerceFramework.qa.FirstOrderTest_POM@e70f13a]" started-at="2024-02-11T22:35:35 IST" name="launchApplication" finished-at="2024-02-11T22:35:37 IST" duration-ms="1835" status="PASS">
          <reporter-output>
          </reporter-output>
        </test-method> <!-- launchApplication -->
        <test-method signature="submitOrderTest(java.util.HashMap)[pri:1, instance:com.EcommerceFramework.qa.FirstOrderTest_POM@e70f13a]" started-at="2024-02-11T22:35:37 IST" name="submitOrderTest" data-provider="getData" finished-at="2024-02-11T22:35:47 IST" duration-ms="10874" status="PASS">
          <params>
            <param index="0">
              <value>
                <![CDATA[{pwd=12qw!@QW, email=dinesh123@gmail.com, productName=IPHONE 13 PRO}]]>
              </value>
            </param>
          </params>
          <reporter-output>
          </reporter-output>
        </test-method> <!-- submitOrderTest -->
        <test-method is-config="true" signature="tearDown(org.testng.ITestResult)[pri:0, instance:com.EcommerceFramework.qa.FirstOrderTest_POM@e70f13a]" started-at="2024-02-11T22:35:47 IST" name="tearDown" finished-at="2024-02-11T22:35:48 IST" duration-ms="194" status="PASS">
          <params>
            <param index="0">
              <value>
                <![CDATA[[TestResult name=submitOrderTest status=SUCCESS method=FirstOrderTest_POM.submitOrderTest(java.util.HashMap)[pri:1, instance:com.EcommerceFramework.qa.FirstOrderTest_POM@e70f13a] output={null}]]]>
              </value>
            </param>
          </params>
          <reporter-output>
          </reporter-output>
        </test-method> <!-- tearDown -->
        <test-method is-config="true" signature="launchApplication()[pri:0, instance:com.EcommerceFramework.qa.FirstOrderTest_POM@e70f13a]" started-at="2024-02-11T22:35:48 IST" name="launchApplication" finished-at="2024-02-11T22:35:49 IST" duration-ms="1780" status="PASS">
          <reporter-output>
          </reporter-output>
        </test-method> <!-- launchApplication -->
        <test-method signature="verifyOrderTest(java.util.HashMap)[pri:2, instance:com.EcommerceFramework.qa.FirstOrderTest_POM@e70f13a]" started-at="2024-02-11T22:35:49 IST" name="verifyOrderTest" data-provider="getData" finished-at="2024-02-11T22:35:52 IST" duration-ms="2394" status="PASS">
          <params>
            <param index="0">
              <value>
                <![CDATA[{pwd=12qw!@QW, email=ecommuser@gmail.com, productName=ZARA COAT 3}]]>
              </value>
            </param>
          </params>
          <reporter-output>
          </reporter-output>
        </test-method> <!-- verifyOrderTest -->
        <test-method is-config="true" signature="tearDown(org.testng.ITestResult)[pri:0, instance:com.EcommerceFramework.qa.FirstOrderTest_POM@e70f13a]" started-at="2024-02-11T22:35:52 IST" name="tearDown" finished-at="2024-02-11T22:35:52 IST" duration-ms="114" status="PASS">
          <params>
            <param index="0">
              <value>
                <![CDATA[[TestResult name=verifyOrderTest status=SUCCESS method=FirstOrderTest_POM.verifyOrderTest(java.util.HashMap)[pri:2, instance:com.EcommerceFramework.qa.FirstOrderTest_POM@e70f13a] output={null}]]]>
              </value>
            </param>
          </params>
          <reporter-output>
          </reporter-output>
        </test-method> <!-- tearDown -->
        <test-method is-config="true" signature="launchApplication()[pri:0, instance:com.EcommerceFramework.qa.FirstOrderTest_POM@e70f13a]" started-at="2024-02-11T22:35:52 IST" name="launchApplication" finished-at="2024-02-11T22:35:54 IST" duration-ms="1867" status="PASS">
          <reporter-output>
          </reporter-output>
        </test-method> <!-- launchApplication -->
        <test-method signature="verifyOrderTest(java.util.HashMap)[pri:2, instance:com.EcommerceFramework.qa.FirstOrderTest_POM@e70f13a]" started-at="2024-02-11T22:35:54 IST" name="verifyOrderTest" data-provider="getData" finished-at="2024-02-11T22:35:59 IST" duration-ms="5183" status="PASS">
          <params>
            <param index="0">
              <value>
                <![CDATA[{pwd=12qw!@QW, email=dinesh123@gmail.com, productName=IPHONE 13 PRO}]]>
              </value>
            </param>
          </params>
          <reporter-output>
          </reporter-output>
        </test-method> <!-- verifyOrderTest -->
        <test-method is-config="true" signature="tearDown(org.testng.ITestResult)[pri:0, instance:com.EcommerceFramework.qa.FirstOrderTest_POM@e70f13a]" started-at="2024-02-11T22:35:59 IST" name="tearDown" finished-at="2024-02-11T22:35:59 IST" duration-ms="136" status="PASS">
          <params>
            <param index="0">
              <value>
                <![CDATA[[TestResult name=verifyOrderTest status=SUCCESS method=FirstOrderTest_POM.verifyOrderTest(java.util.HashMap)[pri:2, instance:com.EcommerceFramework.qa.FirstOrderTest_POM@e70f13a] output={null}]]]>
              </value>
            </param>
          </params>
          <reporter-output>
          </reporter-output>
        </test-method> <!-- tearDown -->
      </class> <!-- com.EcommerceFramework.qa.FirstOrderTest_POM -->
    </test> <!-- Smoke Test1 -->
  </suite> <!-- Regression Suite -->
</testng-results>
