<?xml version="1.0" encoding="UTF-8"?>
<!-- Generated by org.testng.reporters.JUnitXMLReporter -->
<testsuite ignored="2" hostname="DESKTOP-H28VHFR" failures="0" tests="0" time="0.01" errors="0" timestamp="2024-02-12T11:38:09 IST">
  <testcase classname="com.EcommerceFramework.qa.FirstOrderTest_POM" name="submitOrderTest" time="0.0">
    <ignored/>
  </testcase> <!-- submitOrderTest -->
  <testcase classname="com.EcommerceFramework.qa.FirstOrderTest_POM" name="verifyOrderTest" time="0.0">
    <ignored/>
  </testcase> <!-- verifyOrderTest -->
</testsuite>
